<?xml version="1.0" encoding="UTF-8"?>
<testsuite xmlns:xsi="http://www.w3.org/2001/XMLSchema-instance" xsi:noNamespaceSchemaLocation="https://maven.apache.org/surefire/maven-surefire-plugin/xsd/surefire-test-report.xsd" name="TestSuite" time="38.053" tests="14" errors="0" skipped="0" failures="0">
  <properties>
[...]
</properties>
  <testcase name="validatePageTitleTest" classname="com.nopcommerce.tests.HomePageTest" time="0.984"/>
  <testcase name="verifyLogoTest" classname="com.nopcommerce.tests.HomePageTest" time="0.192"/>
  <testcase name="verifyRegisterLinkTest" classname="com.nopcommerce.tests.HomePageTest" time="0.15"/>
  <testcase name="verifyLoginLinkTest" classname="com.nopcommerce.tests.HomePageTest" time="0.121"/>
  <testcase name="verifyRegisterPageNameTest" classname="com.nopcommerce.tests.RegisterPageTest" time="4.067"/>
  <testcase name="verifyManufacturesList" classname="com.nopcommerce.tests.SearchPageTest" time="0.148"/>
  <testcase name="verifySearchPageName" classname="com.nopcommerce.tests.SearchPageTest" time="0.055"/>
  <testcase name="verifyLoginPageNameTest" classname="com.nopcommerce.tests.LoginPageTest" time="0.365"/>
  <testcase name="verifyLoginButtonStatusTest" classname="com.nopcommerce.tests.LoginPageTest" time="0.037"/>
  <testcase name="verifyRegisterButtonStatusTest" classname="com.nopcommerce.tests.LoginPageTest" time="0.032"/>
  <testcase name="validateUserLoginTest" classname="com.nopcommerce.tests.LoginPageTest" time="1.173"/>
  <testcase name="verifyManufacturerDropDownListTest" classname="com.nopcommerce.tests.SearchPageTest" time="0.773"/>
  <testcase name="logoutTest" classname="com.nopcommerce.tests.LoginPageTest" time="2.758"/>
  <testcase name="registerNewUserTest" classname="com.nopcommerce.tests.RegisterPageTest" time="12.878"/>
</testsuite>