<?xml version="1.0" encoding="UTF-8"?>
<testng-results skipped="0" failed="0" ignored="0" total="14" passed="14">
  <reporter-output>
  </reporter-output>
  <suite name="nopCommerce Regression Test Suite" duration-ms="34108" started-at="2021-01-15T01:56:06Z" finished-at="2021-01-15T01:56:40Z">
    <groups>
    </groups>
    <test name="Homepage Test" duration-ms="13305" started-at="2021-01-15T01:56:06Z" finished-at="2021-01-15T01:56:20Z">
      <class name="com.nopcommerce.tests.HomePageTest">
        <test-method status="PASS" signature="setup(java.lang.String)[pri:0, instance:com.nopcommerce.tests.HomePageTest@2c2db130]" name="setup" is-config="true" duration-ms="10001" started-at="2021-01-15T01:56:06Z" finished-at="2021-01-15T01:56:16Z">
          <params>
            <param index="0">
              <value>
                <![CDATA[chrome]]>
              </value>
            </param>
          </params>
          <reporter-output>
          </reporter-output>
        </test-method> <!-- setup -->
        <test-method status="PASS" signature="validatePageTitleTest()[pri:1, instance:com.nopcommerce.tests.HomePageTest@2c2db130]" name="validatePageTitleTest" duration-ms="473" started-at="2021-01-15T01:56:16Z" finished-at="2021-01-15T01:56:17Z">
          <reporter-output>
          </reporter-output>
        </test-method> <!-- validatePageTitleTest -->
        <test-method status="PASS" signature="verifyLogoTest()[pri:2, instance:com.nopcommerce.tests.HomePageTest@2c2db130]" name="verifyLogoTest" duration-ms="225" started-at="2021-01-15T01:56:18Z" finished-at="2021-01-15T01:56:18Z">
          <reporter-output>
          </reporter-output>
        </test-method> <!-- verifyLogoTest -->
        <test-method status="PASS" signature="verifyRegisterLinkTest()[pri:3, instance:com.nopcommerce.tests.HomePageTest@2c2db130]" name="verifyRegisterLinkTest" duration-ms="156" started-at="2021-01-15T01:56:18Z" finished-at="2021-01-15T01:56:18Z">
          <reporter-output>
          </reporter-output>
        </test-method> <!-- verifyRegisterLinkTest -->
        <test-method status="PASS" signature="verifyLoginLinkTest()[pri:4, instance:com.nopcommerce.tests.HomePageTest@2c2db130]" name="verifyLoginLinkTest" duration-ms="120" started-at="2021-01-15T01:56:18Z" finished-at="2021-01-15T01:56:18Z">
          <reporter-output>
          </reporter-output>
        </test-method> <!-- verifyLoginLinkTest -->
        <test-method status="PASS" signature="tearDown()[pri:0, instance:com.nopcommerce.tests.HomePageTest@2c2db130]" name="tearDown" is-config="true" duration-ms="1231" started-at="2021-01-15T01:56:18Z" finished-at="2021-01-15T01:56:20Z">
          <reporter-output>
          </reporter-output>
        </test-method> <!-- tearDown -->
      </class> <!-- com.nopcommerce.tests.HomePageTest -->
    </test> <!-- Homepage Test -->
    <test name="Searchpage Test" duration-ms="22262" started-at="2021-01-15T01:56:06Z" finished-at="2021-01-15T01:56:29Z">
      <class name="com.nopcommerce.tests.SearchPageTest">
        <test-method status="PASS" signature="setup(java.lang.String)[pri:0, instance:com.nopcommerce.tests.SearchPageTest@35fb22a9]" name="setup" is-config="true" duration-ms="15313" started-at="2021-01-15T01:56:06Z" finished-at="2021-01-15T01:56:22Z">
          <params>
            <param index="0">
              <value>
                <![CDATA[firefox]]>
              </value>
            </param>
          </params>
          <reporter-output>
          </reporter-output>
        </test-method> <!-- setup -->
        <test-method status="PASS" signature="searchPageSetup()[pri:0, instance:com.nopcommerce.tests.SearchPageTest@35fb22a9]" name="searchPageSetup" is-config="true" duration-ms="1432" started-at="2021-01-15T01:56:22Z" finished-at="2021-01-15T01:56:23Z">
          <reporter-output>
          </reporter-output>
        </test-method> <!-- searchPageSetup -->
        <test-method status="PASS" signature="verifyManufacturesList()[pri:0, instance:com.nopcommerce.tests.SearchPageTest@35fb22a9]" name="verifyManufacturesList" duration-ms="154" started-at="2021-01-15T01:56:23Z" finished-at="2021-01-15T01:56:23Z">
          <reporter-output>
          </reporter-output>
        </test-method> <!-- verifyManufacturesList -->
        <test-method status="PASS" signature="verifySearchPageName()[pri:1, instance:com.nopcommerce.tests.SearchPageTest@35fb22a9]" name="verifySearchPageName" duration-ms="53" started-at="2021-01-15T01:56:23Z" finished-at="2021-01-15T01:56:23Z">
          <reporter-output>
          </reporter-output>
        </test-method> <!-- verifySearchPageName -->
        <test-method status="PASS" signature="verifyManufacturerDropDownListTest()[pri:2, instance:com.nopcommerce.tests.SearchPageTest@35fb22a9]" name="verifyManufacturerDropDownListTest" duration-ms="4335" started-at="2021-01-15T01:56:23Z" finished-at="2021-01-15T01:56:28Z">
          <reporter-output>
          </reporter-output>
        </test-method> <!-- verifyManufacturerDropDownListTest -->
        <test-method status="PASS" signature="tearDown()[pri:0, instance:com.nopcommerce.tests.SearchPageTest@35fb22a9]" name="tearDown" is-config="true" duration-ms="927" started-at="2021-01-15T01:56:28Z" finished-at="2021-01-15T01:56:29Z">
          <reporter-output>
          </reporter-output>
        </test-method> <!-- tearDown -->
      </class> <!-- com.nopcommerce.tests.SearchPageTest -->
    </test> <!-- Searchpage Test -->
    <test name="Loginpage Test" duration-ms="24357" started-at="2021-01-15T01:56:06Z" finished-at="2021-01-15T01:56:31Z">
      <class name="com.nopcommerce.tests.LoginPageTest">
        <test-method status="PASS" signature="setup(java.lang.String)[pri:0, instance:com.nopcommerce.tests.LoginPageTest@b016b4e]" name="setup" is-config="true" duration-ms="15696" started-at="2021-01-15T01:56:06Z" finished-at="2021-01-15T01:56:22Z">
          <params>
            <param index="0">
              <value>
                <![CDATA[firefox]]>
              </value>
            </param>
          </params>
          <reporter-output>
          </reporter-output>
        </test-method> <!-- setup -->
        <test-method status="PASS" signature="loginPageSetup()[pri:0, instance:com.nopcommerce.tests.LoginPageTest@b016b4e]" name="loginPageSetup" is-config="true" duration-ms="1477" started-at="2021-01-15T01:56:22Z" finished-at="2021-01-15T01:56:24Z">
          <reporter-output>
          </reporter-output>
        </test-method> <!-- loginPageSetup -->
        <test-method status="PASS" signature="verifyLoginPageNameTest()[pri:1, instance:com.nopcommerce.tests.LoginPageTest@b016b4e]" name="verifyLoginPageNameTest" duration-ms="2096" started-at="2021-01-15T01:56:24Z" finished-at="2021-01-15T01:56:26Z">
          <reporter-output>
          </reporter-output>
        </test-method> <!-- verifyLoginPageNameTest -->
        <test-method status="PASS" signature="verifyLoginButtonStatusTest()[pri:2, instance:com.nopcommerce.tests.LoginPageTest@b016b4e]" name="verifyLoginButtonStatusTest" duration-ms="38" started-at="2021-01-15T01:56:26Z" finished-at="2021-01-15T01:56:26Z">
          <reporter-output>
          </reporter-output>
        </test-method> <!-- verifyLoginButtonStatusTest -->
        <test-method status="PASS" signature="verifyRegisterButtonStatusTest()[pri:3, instance:com.nopcommerce.tests.LoginPageTest@b016b4e]" name="verifyRegisterButtonStatusTest" duration-ms="31" started-at="2021-01-15T01:56:26Z" finished-at="2021-01-15T01:56:26Z">
          <reporter-output>
          </reporter-output>
        </test-method> <!-- verifyRegisterButtonStatusTest -->
        <test-method status="PASS" signature="validateUserLoginTest()[pri:4, instance:com.nopcommerce.tests.LoginPageTest@b016b4e]" name="validateUserLoginTest" duration-ms="1172" started-at="2021-01-15T01:56:26Z" finished-at="2021-01-15T01:56:27Z">
          <reporter-output>
          </reporter-output>
        </test-method> <!-- validateUserLoginTest -->
        <test-method status="PASS" signature="logoutTest()[pri:5, instance:com.nopcommerce.tests.LoginPageTest@b016b4e]" name="logoutTest" duration-ms="2763" started-at="2021-01-15T01:56:27Z" finished-at="2021-01-15T01:56:30Z">
          <reporter-output>
          </reporter-output>
        </test-method> <!-- logoutTest -->
        <test-method status="PASS" signature="tearDown()[pri:0, instance:com.nopcommerce.tests.LoginPageTest@b016b4e]" name="tearDown" is-config="true" duration-ms="1037" started-at="2021-01-15T01:56:30Z" finished-at="2021-01-15T01:56:31Z">
          <reporter-output>
          </reporter-output>
        </test-method> <!-- tearDown -->
      </class> <!-- com.nopcommerce.tests.LoginPageTest -->
    </test> <!-- Loginpage Test -->
    <test name="Registerpage Test" duration-ms="34108" started-at="2021-01-15T01:56:06Z" finished-at="2021-01-15T01:56:40Z">
      <class name="com.nopcommerce.tests.RegisterPageTest">
        <test-method status="PASS" signature="setup(java.lang.String)[pri:0, instance:com.nopcommerce.tests.RegisterPageTest@58e92c23]" name="setup" is-config="true" duration-ms="10278" started-at="2021-01-15T01:56:06Z" finished-at="2021-01-15T01:56:17Z">
          <params>
            <param index="0">
              <value>
                <![CDATA[chrome]]>
              </value>
            </param>
          </params>
          <reporter-output>
          </reporter-output>
        </test-method> <!-- setup -->
        <test-method status="PASS" signature="registerPageSetup()[pri:0, instance:com.nopcommerce.tests.RegisterPageTest@58e92c23]" name="registerPageSetup" is-config="true" duration-ms="1277" started-at="2021-01-15T01:56:17Z" finished-at="2021-01-15T01:56:18Z">
          <reporter-output>
          </reporter-output>
        </test-method> <!-- registerPageSetup -->
        <test-method status="PASS" signature="verifyRegisterPageNameTest()[pri:1, instance:com.nopcommerce.tests.RegisterPageTest@58e92c23]" name="verifyRegisterPageNameTest" duration-ms="3457" started-at="2021-01-15T01:56:18Z" finished-at="2021-01-15T01:56:21Z">
          <reporter-output>
          </reporter-output>
        </test-method> <!-- verifyRegisterPageNameTest -->
        <test-method status="PASS" signature="registerNewUserTest(java.lang.String, java.lang.String, java.lang.String, java.lang.String, java.lang.String, java.lang.String, java.lang.String, java.lang.String, java.lang.String)[pri:2, instance:com.nopcommerce.tests.RegisterPageTest@58e92c23]" name="registerNewUserTest" duration-ms="14500" started-at="2021-01-15T01:56:25Z" data-provider="getUserData" finished-at="2021-01-15T01:56:40Z">
          <params>
            <param index="0">
              <value>
                <![CDATA[Male]]>
              </value>
            </param>
            <param index="1">
              <value>
                <![CDATA[John]]>
              </value>
            </param>
            <param index="2">
              <value>
                <![CDATA[Smith]]>
              </value>
            </param>
            <param index="3">
              <value>
                <![CDATA[23.0]]>
              </value>
            </param>
            <param index="4">
              <value>
                <![CDATA[December]]>
              </value>
            </param>
            <param index="5">
              <value>
                <![CDATA[1960.0]]>
              </value>
            </param>
            <param index="6">
              <value>
                <![CDATA[j@hotmail.com]]>
              </value>
            </param>
            <param index="7">
              <value>
                <![CDATA[Google]]>
              </value>
            </param>
            <param index="8">
              <value>
                <![CDATA[Test!1234]]>
              </value>
            </param>
          </params>
          <reporter-output>
          </reporter-output>
        </test-method> <!-- registerNewUserTest -->
        <test-method status="PASS" signature="tearDown()[pri:0, instance:com.nopcommerce.tests.RegisterPageTest@58e92c23]" name="tearDown" is-config="true" duration-ms="668" started-at="2021-01-15T01:56:40Z" finished-at="2021-01-15T01:56:40Z">
          <reporter-output>
          </reporter-output>
        </test-method> <!-- tearDown -->
      </class> <!-- com.nopcommerce.tests.RegisterPageTest -->
    </test> <!-- Registerpage Test -->
  </suite> <!-- nopCommerce Regression Test Suite -->
</testng-results>
