<?xml version="1.0" encoding="UTF-8"?>
<!-- Generated by org.testng.reporters.JUnitXMLReporter -->
<testsuite hostname="LAPTOP-IN4J5DLS" ignored="0" name="Homepage Test" tests="4" failures="0" timestamp="15 Jan 2021 01:56:20 GMT" time="13.305" errors="0">
  <testcase name="validatePageTitleTest" time="0.473" classname="com.nopcommerce.tests.HomePageTest"/>
  <testcase name="verifyLogoTest" time="0.225" classname="com.nopcommerce.tests.HomePageTest"/>
  <testcase name="verifyRegisterLinkTest" time="0.156" classname="com.nopcommerce.tests.HomePageTest"/>
  <testcase name="verifyLoginLinkTest" time="0.12" classname="com.nopcommerce.tests.HomePageTest"/>
</testsuite> <!-- Homepage Test -->
