<?xml version="1.0" encoding="UTF-8"?>
<!-- Generated by org.testng.reporters.JUnitXMLReporter -->
<testsuite hostname="LAPTOP-IN4J5DLS" ignored="0" name="Loginpage Test" tests="5" failures="0" timestamp="15 Jan 2021 01:56:31 GMT" time="24.357" errors="0">
  <testcase name="verifyLoginPageNameTest" time="2.096" classname="com.nopcommerce.tests.LoginPageTest"/>
  <testcase name="verifyLoginButtonStatusTest" time="0.038" classname="com.nopcommerce.tests.LoginPageTest"/>
  <testcase name="verifyRegisterButtonStatusTest" time="0.031" classname="com.nopcommerce.tests.LoginPageTest"/>
  <testcase name="validateUserLoginTest" time="1.172" classname="com.nopcommerce.tests.LoginPageTest"/>
  <testcase name="logoutTest" time="2.763" classname="com.nopcommerce.tests.LoginPageTest"/>
</testsuite> <!-- Loginpage Test -->
