<?xml version="1.0" encoding="UTF-8"?>
<!-- Generated by org.testng.reporters.JUnitXMLReporter -->
<testsuite hostname="LAPTOP-IN4J5DLS" ignored="0" name="Registerpage Test" tests="2" failures="0" timestamp="15 Jan 2021 01:56:40 GMT" time="34.108" errors="0">
  <testcase name="verifyRegisterPageNameTest" time="3.457" classname="com.nopcommerce.tests.RegisterPageTest"/>
  <testcase name="registerNewUserTest" time="14.5" classname="com.nopcommerce.tests.RegisterPageTest"/>
</testsuite> <!-- Registerpage Test -->
